EEMPT RT Fri Feb 19 15:59:06 CET 2016
4;145983;1459857472672744067
4;145987472672798165
1;145985747267282138750
4;145857472680889396
1;1459857472680909381
2;1459857472680974891
4;1459857472689017024
1;147472697073917
4;14598574726970971352
1;145985747270519681505215117
3;1459857472713234420
4;1459857472713257482
1;1459857472721314886
4;145987472721339402
1;1459857472721358821
2;1459893970324;1459857472729425311
1;1459857472729489603
3;1459857472737535780
4;145985747273755727

3;1459857472753697345
4;1459857472753720513
1;1459857472753739641
3;1459857472761777266
4;1459857472761800603
1;1459857472761819887;1459857472761838199
3;1459857472769897862
1;1459857472769930760
3;1459857472777948178
1;1459857472778028572
3;1459857472786062946
4;1598574727861454
3;1459857472794151832
4;1459857472794191132
1;14598574729802236452
4;1459857472802277994
1;1459857472802293367
2;1459857472810321767
4459857472810363555
1;1459857472810378305
2;1459857472810390997
3;145985747282818445034
1;1459857472818469986
3;14598574728264651459857472834609547
1;145985747283462192644561
4;1459857470718187
4;145985747285459857472858792287
4;1459857472858832027
1;1;1459857472858853238;1459857472866863708
4;1459857472866
;145985747287491662
4;1459857472874976716
1;1459857472874987834
2;14598574728749972647472883019451
1;1459857472883028538
2;14

2;1459857472891077446
3;1459857472899099036
1;1459857472899107972
2;1459439857472907156050
3;145857472915165363
4;1459857472915177903
1;1459857472915185368
4;1459857472923218008
1;145985747292322
3;1459857472931244798
4;1459857472931257307
1;1459
33
1;14598574729393100472;1459857472939318631
3
57472947342292
1;1459857472947351395
2;19857472955392819
2;145910996
4;1459857472963425790
1;14598574729634;1459857472971453300
4;1459857472971467933
1;1459857472971485794
3;1459857472979510297
1;1459857472979459987561012
2;1459857472987569657
3;14598574729971459857473003621300
4;1459857473003636441
1;11663753
4;14598574730;1459857473019705806
4;145985747301972019738478
3;14598574730271581
2;1459857473027780185
3;1459857473035789828
4;1;1459857473043831704
4;1459857473042;1459857473043864130
3;14598574730518731;1459857473051896830
2;1459857473051905521
3;14598574
3;145985747306773067989256
3;1459857473075998109
0
3;1459857473084039323
4;1459857473084053836
1;1459857473084063074
2;1459857473084071683
3
4;1459857473092094995
1;1459857473092104407473100136749
1;1459857473100145951
2;1459857459
4;14598574731081781257473116205476
4;145987473116237781
3;1459857473124246784
4;145985747312261342
1;1459857473124270551
2;1459857473124279277
3;145981459857473132321060
3;1459857473140335;14598574731483720554;1459857473148386372
1;1459857473148395600
2;1459857473148406413270
4;1459857473156427720
1;14559857473164454506
4;145957473164469070
1;1459857473164486991
3;1459857473172496353
4;1459857473172510930
1;14559857473172528740
3;1459857473180537972
1;1459857473180561711
2;1459857473180570411
3;14598574731884
1;1459857473196644659
2;145985747319462351
4;1459857473204676649
1;145985
9857473212727370
2;14598574732;1459857473220759199
1;1459857473220768311
23;1459857473228786314
4;145985747373228809921
2;14598574732459857473236842095
1;12;1459857473236859813
33244883552
1;1459857473244892739
2;1459857473244901267
3
2;1459857473252942495
3;145985743260951517
4;1459857473260965925
1;14598574732609749218992635
4;1459857473269007006
1;1459857473269016232770344644;1459857473277048681
1;1459857473277057801
2;145985747328
2;1459857473285107671
3573
3;1459857473301157993
4;14598573301181536
2;1459857
4;145985747330921327665
3;145985747331723957473317272219
3;1459857473325281291
4;14598574733252950744
4;1459857473333346468
2;145987473333355142
3;1459857473341364005
4;1459857473341377636
2;1459857473341396200
3;1459857473349420122
1;1459853349437831
3;1459857473357461369
1;1459857473357470582
2;149857473365502455
1;1459857473365511716
2;1459857473365572769
2;1459857473373561523
3;1857473381570702
4;1459857473381584917
1;1459857473381
3;1459857473389611689
4;1459857473389626001
1;14557667708
1;1459857473397676849
2;145985747339857473405706954
1;149857473405718177
2;1459857473405726872
3;1459857473413767915
3;1459857473421776827
4;1459857473421800409
2;1459857473421808917
3429841419
2;1459857473437877987
1;1459857473437887271
2;1459857473445919582
1;1459857473445937369
3;1459857473453946562
2;1459857473453978557
3;14598574
4;1459857473462076043
1;1459857473462087327
end