ERROR: Type:2; Severity:80; Class:1; Subclass:1; Operation: 8000d
ERROR: Type:2; Severity:80; Class:1; Subclass:1; Operation: 800d
3.18.25-031825-generic #201512152250 SMP Wed Dec 16 03:52:48 UTd
100;1463465798000684328
1;1463465798010041255
2;1463465798010148162
3;1463465798018170940
100;1463465798018237947
1;1463465798020038227
2;1463465798020095902
3;1463465798028117518
100;1463465798028179762
1;1463465798030030473
2;1463465798030078474
3;1463465798038096955
100;1463465798038155513
1;1463465798040043787
2;1463465798040090072
3;1463465798048108596
100;1463465798048164038
1;1463465798050042710
2;1463465798050085017
3;1463465798058102256
100;1463465798058157341
1;1463465798060043696
2;1463465798060086262
3;1463465798068102930
100;1463465798068156391
1;1463465798070041734
2;1463465798070080682
3;1463465798078096976
100;1463465798078148976
1;1463465798080040773
2;1463465798080076748
3;1463465798088091350
100;1463465798088141274
1;1463465798090039128
2;1463465798090072598
3;1463465798098086686
100;1463465798098136620
1;1463465798100040316
2;1463465798100073760
3;1463465798108087643
100;1463465798108136634
1;1463465798110041556
2;1463465798110072605
3;1463465798118086467
100;1463465798118134115
1;1463465798120042092
2;1463465798120071218
3;1463465798128083683
100;1463465798128130170
1;1463465798130042712
2;1463465798130070266
3;1463465798138081634
100;1463465798138128173
1;1463465798140044167
2;1463465798140071743
3;1463465798148083853
100;1463465798148130556
1;1463465798150043416
2;1463465798150070912
3;1463465798158082917
100;1463465798158129515
1;1463465798160043448
2;1463465798160071031
3;1463465798168083243
100;1463465798168130301
1;1463465798170042823
2;1463465798170070311
3;1463465798178082095
100;1463465798178128478
1;1463465798180043951
2;1463465798180071431
3;1463465798188083427
100;1463465798188130063
1;1463465798190043565
2;1463465798190071172
3;1463465798198083643
100;1463465798198130448
1;1463465798200043598
2;1463465798200070984
3;1463465798208082964
100;1463465798208129738
1;1463465798210044034
2;1463465798210071520
3;1463465798218083615
100;1463465798218129911
1;1463465798220043721
2;1463465798220071204
3;1463465798228083204
100;1463465798228129672
1;1463465798230042605
2;1463465798230070078
3;1463465798238081825
100;1463465798238128417
1;1463465798240045295
2;1463465798240072777
3;1463465798248084531
100;1463465798248131194
1;1463465798250043929
2;1463465798250071411
3;1463465798258083432
100;1463465798258129797
1;1463465798260043498
2;1463465798260070981
3;1463465798268082378
100;1463465798268129148
1;1463465798270043817
2;1463465798270071288
3;1463465798278082950
100;1463465798278129717
1;1463465798280043987
2;1463465798280071465
3;1463465798288082938
100;1463465798288129390
1;1463465798290043232
2;1463465798290070721
3;1463465798298082456
100;1463465798298129001
1;1463465798300043594
2;1463465798300071125
3;1463465798308082823
100;1463465798308129390
1;1463465798310044674
2;1463465798310072116
3;1463465798318083780
100;1463465798318130248
1;1463465798320044481
2;1463465798320071960
3;1463465798328083937
100;1463465798328130532
1;1463465798330042321
2;1463465798330069881
3;1463465798338081836
100;1463465798338128255
1;1463465798340045454
2;1463465798340072949
3;1463465798348084720
100;1463465798348131415
1;1463465798350044223
2;1463465798350071815
3;1463465798358083929
100;1463465798358130740
1;1463465798360043900
2;1463465798360071396
3;1463465798368082935
100;1463465798368129534
1;1463465798370043902
2;1463465798370071475
3;1463465798378083338
100;1463465798378129923
1;1463465798380043774
2;1463465798380071356
3;1463465798388083453
100;1463465798388130234
1;1463465798390041956
2;1463465798390069541
3;1463465798398081263
100;1463465798398128040
1;1463465798400045477
2;1463465798400072970
3;1463465798408084831
100;1463465798408131549
1;1463465798410043614
2;1463465798410071182
3;1463465798418083264
100;1463465798418129587
1;1463465798420044553
2;1463465798420071918
3;1463465798428083368
100;1463465798428130183
1;1463465798430044721
2;1463465798430072351
3;1463465798438084380
100;1463465798438131224
1;1463465798440043471
2;1463465798440070830
3;1463465798448082604
100;1463465798448129043
1;1463465798450043452
2;1463465798450071030
3;1463465798458082865
100;1463465798458129166
1;1463465798460044415
2;1463465798460071969
3;1463465798468083871
100;1463465798468130492
1;1463465798470045450
2;1463465798470073080
3;1463465798478084822
100;1463465798478131681
1;1463465798480041821
2;1463465798480069246
3;1463465798488080834
100;1463465798488127576
1;1463465798490044725
2;1463465798490072293
3;1463465798498084277
100;1463465798498130562
1;1463465798500043154
2;1463465798500070708
3;1463465798508082379
100;1463465798508129099
1;1463465798510042336
2;1463465798510069914
3;1463465798518081679
100;1463465798518128380
1;1463465798520043258
2;1463465798520070763
3;1463465798528082186
100;1463465798528128878
1;1463465798530043186
2;1463465798530070771
3;1463465798538082802
100;1463465798538129014
1;1463465798540043878
2;1463465798540071236
3;1463465798548082871
100;1463465798548129481
1;1463465798550043550
2;1463465798550071146
3;1463465798558083171
100;1463465798558130108
1;1463465798560042678
2;1463465798560070172
3;1463465798568081662
100;1463465798568128273
1;1463465798570042720
2;1463465798570070357
3;1463465798578082245
100;1463465798578128535
1;1463465798580044263
2;1463465798580071837
3;1463465798588083750
100;1463465798588130434
1;1463465798590043330
2;1463465798590070966
3;1463465798598082959
100;1463465798598129496
1;1463465798600043498
2;1463465798600070847
3;1463465798608082139
100;1463465798608128732
1;1463465798610043090
2;1463465798610070559
3;1463465798618082426
100;1463465798618128615
1;1463465798620043283
2;1463465798620070727
3;1463465798628082133
100;1463465798628128862
1;1463465798630042715
2;1463465798630070293
3;1463465798638082494
100;1463465798638129212
1;1463465798640042400
2;1463465798640069735
3;1463465798648081204
100;1463465798648128484
1;1463465798650043869
2;1463465798650071310
3;1463465798658083546
100;1463465798658129795
1;1463465798660043414
2;1463465798660070957
3;1463465798668082354
100;1463465798668129086
1;1463465798670042984
2;1463465798670070453
3;1463465798678082549
100;1463465798678129148
1;1463465798680044870
2;1463465798680072308
3;1463465798688083847
100;1463465798688130822
1;1463465798690043515
2;1463465798690070937
3;1463465798698083232
100;1463465798698129528
1;1463465798700043746
2;1463465798700071184
3;1463465798708082899
100;1463465798708129603
1;1463465798710041933
2;1463465798710069604
3;1463465798718081511
100;1463465798718128195
1;1463465798720043397
2;1463465798720070739
3;1463465798728082858
100;1463465798728129399
1;1463465798730043497
2;1463465798730070973
3;1463465798738082532
100;1463465798738128970
1;1463465798740043570
2;1463465798740071112
3;1463465798748082500
100;1463465798748129246
1;1463465798750043917
2;1463465798750071368
3;1463465798758082756
100;1463465798758129536
1;1463465798760044780
2;1463465798760072216
3;1463465798768083733
100;1463465798768130513
1;1463465798770045239
2;1463465798770072627
3;1463465798778084713
100;1463465798778131107
1;1463465798780044666
2;1463465798780072117
3;1463465798788083977
100;1463465798788130563
1;1463465798790043326
2;1463465798790070715
3;1463465798798082355
100;1463465798798129007
1;1463465798800042713
2;1463465798800070220
3;1463465798808082087
100;1463465798808128750
1;1463465798810042316
2;1463465798810069763
3;1463465798818081677
100;1463465798818128199
1;1463465798820044323
2;1463465798820071773
3;1463465798828083238
100;1463465798828129968
1;1463465798830043462
2;1463465798830070851
3;1463465798838083005
100;1463465798838129577
1;1463465798840045168
2;1463465798840072614
3;1463465798848084481
100;1463465798848131261
1;1463465798850042744
2;1463465798850070133
3;1463465798858082027