ERROR: Type:2; Severity:80; Class:1; Subclass:1; Operation: 8000dpð¶
ERROR: Type:2; Severity:80; Class:1; Subclass:1; Operation: 800dpð¶
ERROR: Type:2; Severity:80; Class:1; Subclass:1; Operation: 800dpð¶
ERROR: Type:2; Severity:80; Class:1; Subclass:1; Operation: 800dpð¶
100;1463587171060321096
1;1463587171100040069
2;1463587171100110348
3;1463587171586333663
4;1463587171590838188
5;1463587171590946464
100;1463587171591006009
1;1463587171591029567
2;1463587171591049092
3;1463587171604409422
4;1463587171607950996
5;1463587171671073057
100;1463587171671194412
1;1463587171671241209
2;1463587171671260883
3;1463587171684554568
4;1463587171688345010
5;1463587171751281023
100;1463587171751421546
1;1463587171751466160
2;1463587171751485187
3;1463587171763431569
4;1463587171766597823
5;1463587171831505786
100;1463587171831641380
1;1463587171831698089
2;1463587171831721442
3;1463587171838778278
4;1463587171842321301
5;1463587171911746350
100;1463587171911877734
1;1463587171911928529
2;1463587171911948887
3;1463587171919116041
4;1463587171922776148
5;1463587171991972515
100;1463587171992125592
1;1463587171992172731
2;1463587171992192564
3;1463587171998962197
4;1463587172002554630
5;1463587172072215237
100;1463587172072336989
1;1463587172072382753
2;1463587172072402518
3;1463587172079539149
4;1463587172083336838
5;1463587172152422782
100;1463587172152540906
1;1463587172152592735
2;1463587172152635099
3;1463587172159808948
4;1463587172163412902
5;1463587172232662312
100;1463587172233052585
1;1463587172233107594
2;1463587172233124982
3;1463587172239268667
4;1463587172242568412
5;1463587172313143218
100;1463587172313256976
1;1463587172313297628
2;1463587172313315534
3;1463587172319413867
4;1463587172323277740
5;1463587172393334202
100;1463587172393480093
1;1463587172393536827
2;1463587172393559228
3;1463587172400711631
4;1463587172404510021
5;1463587172473584788
100;1463587172473718242
1;1463587172473768885
2;1463587172473790334
3;1463587172480553960
4;1463587172484490258
5;1463587172553812250
100;1463587172553946125
1;1463587172553996620
2;1463587172554017708
3;1463587172560821784
4;1463587172564638687
5;1463587172634039860
100;1463587172634183524
1;1463587172634240764
2;1463587172634264327
3;1463587172641223720
4;1463587172644478741
5;1463587172714288562
100;1463587172714427388
1;1463587172714470743
2;1463587172714489749
3;1463587172720518426
4;1463587172723766946
5;1463587172794508980
100;1463587172794627620
1;1463587172794684674
2;1463587172794709040
3;1463587172801944190
4;1463587172805536092
5;1463587172874734926
100;1463587172874868994
1;1463587172874917917
2;1463587172874938567
3;1463587172881940379
4;1463587172885523065
5;1463587172954961810
100;1463587172955090891
1;1463587172955141814
2;1463587172955162550
3;1463587172962182986
4;1463587172965802552
5;1463587173035185592
100;1463587173035537158
1;1463587173035581859
2;1463587173035604516
3;1463587173042349682
4;1463587173045286760
5;1463587173115630366
100;1463587173115759096
1;1463587173115800881
2;1463587173115818386
3;1463587173122661429
4;1463587173125876637
5;1463587173195837690
100;1463587173195970295
1;1463587173200050498
2;1463587173200115036
3;1463587173207164213
4;1463587173210613973
5;1463587173280141957
100;1463587173280270846
1;1463587173300046191
2;1463587173300104484
3;1463587173307080611
4;1463587173310444642
5;1463587173380130942
100;1463587173380264079
1;1463587173400048372
2;1463587173400112866
3;1463587173407209647
4;1463587173410646412
5;1463587173480141572
100;1463587173480282868
1;1463587173500051954
2;1463587173500116180
3;1463587173507197867
4;1463587173510557348
5;1463587173580143449
100;1463587173580294965
1;1463587173600047553
2;1463587173600112116
3;1463587173607132537
4;1463587173610585264
5;1463587173680138716
100;1463587173680310951
1;1463587173700048654
2;1463587173700112494
3;1463587173707205009
4;1463587173710660281
5;1463587173780140482
100;1463587173780304796
1;1463587173800047998
2;1463587173800112789
3;1463587173807212308
4;1463587173810663917
5;1463587173880140806
100;1463587173880281736
1;1463587173900050133
2;1463587173900114042
3;1463587173907193648
4;1463587173910649317
5;1463587173980141966
100;1463587173980464519
1;1463587174000021469
2;1463587174000076715
3;1463587174006201462
4;1463587174009285613
5;1463587174080102147
100;1463587174080227775
1;1463587174100044155
2;1463587174100097090
3;1463587174106212991
4;1463587174108782581
5;1463587174180120828
100;1463587174180265324
1;1463587174200049263
2;1463587174200113638
3;1463587174206903178
4;1463587174210163218
5;1463587174280141187
100;1463587174280290903
1;1463587174300042138
2;1463587174300114462
3;1463587174307312088
4;1463587174310627598
5;1463587174380146036
100;1463587174380286086
1;1463587174400050441
end